<?xml version="1.0" encoding="UTF-8"?>
<testng-results ignored="0" total="1" passed="1" failed="0" skipped="0">
  <reporter-output>
  </reporter-output>
  <suite started-at="2024-10-11T12:13:48 IST" name="Suite" finished-at="2024-10-11T12:16:58 IST" duration-ms="189791">
    <groups>
    </groups>
    <test started-at="2024-10-11T12:13:48 IST" name="Test" finished-at="2024-10-11T12:16:58 IST" duration-ms="189791">
      <class name="Test.DPR_Footer_Test">
        <test-method is-config="true" signature="getLaunchURL(java.lang.String,java.lang.String)[pri:0, instance:Test.DPR_Footer_Test@433defed]" started-at="2024-10-11T12:13:48 IST" name="getLaunchURL" finished-at="2024-10-11T12:13:59 IST" duration-ms="10475" status="PASS">
          <params>
            <param index="0">
              <value>
                <![CDATA[https://staging.dupontregistry.com/]]>
              </value>
            </param>
            <param index="1">
              <value>
                <![CDATA[chrome]]>
              </value>
            </param>
          </params>
          <reporter-output>
          </reporter-output>
        </test-method> <!-- getLaunchURL -->
        <test-method signature="Footer_Test()[pri:0, instance:Test.DPR_Footer_Test@433defed]" started-at="2024-10-11T12:13:59 IST" name="Footer_Test" finished-at="2024-10-11T12:16:58 IST" duration-ms="179282" status="PASS">
          <reporter-output>
          </reporter-output>
        </test-method> <!-- Footer_Test -->
      </class> <!-- Test.DPR_Footer_Test -->
    </test> <!-- Test -->
  </suite> <!-- Suite -->
</testng-results>
